<?xml version="1.0" encoding="UTF-8"?>
<testng-results total="3" passed="3" failed="0" skipped="0">
  <reporter-output>
  </reporter-output>
  <suite started-at="2019-05-05T09:28:24Z" name="Suite1" finished-at="2019-05-05T09:28:24Z" duration-ms="51">
    <groups>
    </groups>
    <test started-at="2019-05-05T09:28:24Z" name="test1" finished-at="2019-05-05T09:28:24Z" duration-ms="51">
      <class name="sele1.mv2.NewTest2">
        <test-method signature="f()[pri:0, instance:sele1.mv2.NewTest2@2de23121]" started-at="2019-05-05T02:28:24Z" name="f" finished-at="2019-05-05T02:28:24Z" duration-ms="6" status="PASS">
          <reporter-output>
          </reporter-output>
        </test-method> <!-- f -->
      </class> <!-- sele1.mv2.NewTest2 -->
      <class name="sele1.mv2.NewTest1">
        <test-method signature="f()[pri:0, instance:sele1.mv2.NewTest1@22fcf7ab]" started-at="2019-05-05T02:28:24Z" name="f" finished-at="2019-05-05T02:28:24Z" duration-ms="22" status="PASS">
          <reporter-output>
          </reporter-output>
        </test-method> <!-- f -->
      </class> <!-- sele1.mv2.NewTest1 -->
      <class name="sele1.mv2.NewTest3">
        <test-method signature="f()[pri:0, instance:sele1.mv2.NewTest3@37ceb1df]" started-at="2019-05-05T02:28:24Z" name="f" finished-at="2019-05-05T02:28:24Z" duration-ms="3" status="PASS">
          <reporter-output>
          </reporter-output>
        </test-method> <!-- f -->
      </class> <!-- sele1.mv2.NewTest3 -->
    </test> <!-- test1 -->
  </suite> <!-- Suite1 -->
</testng-results>
